<?xml version="1.0" encoding="UTF-8"?>
<testng-results skipped="0" failed="0" ignored="0" total="2" passed="2">
  <reporter-output>
  </reporter-output>
  <suite name="Default suite" duration-ms="232" started-at="2022-08-16T18:49:32 EDT" finished-at="2022-08-16T18:49:32 EDT">
    <groups>
    </groups>
    <test name="Default test" duration-ms="232" started-at="2022-08-16T18:49:32 EDT" finished-at="2022-08-16T18:49:32 EDT">
      <class name="AnnotationsPractice.ParametrizationTestNG">
        <test-method status="PASS" signature="beforeMethod()[pri:0, instance:AnnotationsPractice.ParametrizationTestNG@2f0a87b3]" name="beforeMethod" is-config="true" duration-ms="1" started-at="2022-08-16T18:49:32 EDT" finished-at="2022-08-16T18:49:32 EDT">
          <reporter-output>
          </reporter-output>
        </test-method> <!-- beforeMethod -->
        <test-method status="PASS" signature="test()[pri:0, instance:AnnotationsPractice.ParametrizationTestNG@2f0a87b3]" name="test" duration-ms="15" started-at="2022-08-16T18:49:32 EDT" finished-at="2022-08-16T18:49:32 EDT">
          <reporter-output>
          </reporter-output>
        </test-method> <!-- test -->
        <test-method status="PASS" signature="afterMethod()[pri:0, instance:AnnotationsPractice.ParametrizationTestNG@2f0a87b3]" name="afterMethod" is-config="true" duration-ms="0" started-at="2022-08-16T18:49:32 EDT" finished-at="2022-08-16T18:49:32 EDT">
          <reporter-output>
          </reporter-output>
        </test-method> <!-- afterMethod -->
        <test-method status="PASS" signature="testTwo()[pri:0, instance:AnnotationsPractice.ParametrizationTestNG@2f0a87b3]" name="testTwo" duration-ms="57" started-at="2022-08-16T18:49:32 EDT" finished-at="2022-08-16T18:49:32 EDT">
          <reporter-output>
          </reporter-output>
        </test-method> <!-- testTwo -->
        <test-method status="PASS" signature="beforeMethod()[pri:0, instance:AnnotationsPractice.ParametrizationTestNG@2f0a87b3]" name="beforeMethod" is-config="true" duration-ms="0" started-at="2022-08-16T18:49:32 EDT" finished-at="2022-08-16T18:49:32 EDT">
          <reporter-output>
          </reporter-output>
        </test-method> <!-- beforeMethod -->
        <test-method status="PASS" signature="afterMethod()[pri:0, instance:AnnotationsPractice.ParametrizationTestNG@2f0a87b3]" name="afterMethod" is-config="true" duration-ms="0" started-at="2022-08-16T18:49:32 EDT" finished-at="2022-08-16T18:49:32 EDT">
          <reporter-output>
          </reporter-output>
        </test-method> <!-- afterMethod -->
      </class> <!-- AnnotationsPractice.ParametrizationTestNG -->
    </test> <!-- Default test -->
  </suite> <!-- Default suite -->
</testng-results>
